<?xml version="1.0" encoding="UTF-8"?>
<!-- Generated by org.testng.reporters.JUnitXMLReporter -->
<testsuite hostname="Iliyan" name="MarketPlaceScreenshotsLanguageGerman" tests="8" failures="0" timestamp="17 Sep 2016 07:05:59 GMT" time="202.597" errors="0">
  <testcase name="FAQ" time="1.945" classname="MarketPlaceLocalizationTests.MarketPlaceLocalizationTests"/>
  <testcase name="allApps" time="5.746" classname="MarketPlaceLocalizationTests.MarketPlaceLocalizationTests"/>
  <testcase name="bambooPaper" time="15.437" classname="MarketPlaceLocalizationTests.MarketPlaceLocalizationTests"/>
  <testcase name="inkspace" time="16.198" classname="MarketPlaceLocalizationTests.MarketPlaceLocalizationTests"/>
  <testcase name="signProPDF" time="8.398" classname="MarketPlaceLocalizationTests.MarketPlaceLocalizationTests"/>
  <testcase name="tabs" time="4.569" classname="MarketPlaceLocalizationTests.MarketPlaceLocalizationTests"/>
  <testcase name="userIsLoggedIn" time="44.66" classname="MarketPlaceLocalizationTests.MarketPlaceLocalizationTests"/>
  <testcase name="wacomInkspaceApp" time="15.313" classname="MarketPlaceLocalizationTests.MarketPlaceLocalizationTests"/>
</testsuite> <!-- MarketPlaceScreenshotsLanguageGerman -->
