<?xml version="1.0" encoding="UTF-8"?>
<!-- Generated by org.testng.reporters.JUnitXMLReporter -->
<testsuite hostname="Iliyan" name="MarketPlaceScreenshotsLanguageChineseSimplified" tests="8" failures="0" timestamp="17 Sep 2016 07:27:30 GMT" time="208.271" errors="0">
  <testcase name="FAQ" time="2.37" classname="MarketPlaceLocalizationTests.MarketPlaceLocalizationTests"/>
  <testcase name="allApps" time="5.716" classname="MarketPlaceLocalizationTests.MarketPlaceLocalizationTests"/>
  <testcase name="bambooPaper" time="15.569" classname="MarketPlaceLocalizationTests.MarketPlaceLocalizationTests"/>
  <testcase name="inkspace" time="16.343" classname="MarketPlaceLocalizationTests.MarketPlaceLocalizationTests"/>
  <testcase name="signProPDF" time="8.533" classname="MarketPlaceLocalizationTests.MarketPlaceLocalizationTests"/>
  <testcase name="tabs" time="4.64" classname="MarketPlaceLocalizationTests.MarketPlaceLocalizationTests"/>
  <testcase name="userIsLoggedIn" time="47.151" classname="MarketPlaceLocalizationTests.MarketPlaceLocalizationTests"/>
  <testcase name="wacomInkspaceApp" time="15.545" classname="MarketPlaceLocalizationTests.MarketPlaceLocalizationTests"/>
</testsuite> <!-- MarketPlaceScreenshotsLanguageChineseSimplified -->
