<?xml version="1.0" encoding="UTF-8"?>
<!-- Generated by org.testng.reporters.JUnitXMLReporter -->
<testsuite hostname="Iliyan" name="MarketPlaceScreenshotsLanguageFrench" tests="8" failures="0" timestamp="17 Sep 2016 07:02:36 GMT" time="208.395" errors="0">
  <testcase name="FAQ" time="1.731" classname="MarketPlaceLocalizationTests.MarketPlaceLocalizationTests"/>
  <testcase name="allApps" time="5.761" classname="MarketPlaceLocalizationTests.MarketPlaceLocalizationTests"/>
  <testcase name="bambooPaper" time="15.416" classname="MarketPlaceLocalizationTests.MarketPlaceLocalizationTests"/>
  <testcase name="inkspace" time="16.073" classname="MarketPlaceLocalizationTests.MarketPlaceLocalizationTests"/>
  <testcase name="signProPDF" time="8.457" classname="MarketPlaceLocalizationTests.MarketPlaceLocalizationTests"/>
  <testcase name="tabs" time="4.631" classname="MarketPlaceLocalizationTests.MarketPlaceLocalizationTests"/>
  <testcase name="userIsLoggedIn" time="44.6" classname="MarketPlaceLocalizationTests.MarketPlaceLocalizationTests"/>
  <testcase name="wacomInkspaceApp" time="15.231" classname="MarketPlaceLocalizationTests.MarketPlaceLocalizationTests"/>
</testsuite> <!-- MarketPlaceScreenshotsLanguageFrench -->
