<?xml version="1.0" encoding="UTF-8"?>
<!-- Generated by org.testng.reporters.JUnitXMLReporter -->
<testsuite hostname="Iliyan" name="MarketPlaceScreenshotsLanguageEnglish" tests="8" failures="0" timestamp="17 Sep 2016 06:59:08 GMT" time="186.285" errors="0">
  <testcase name="FAQ" time="1.725" classname="MarketPlaceLocalizationTests.MarketPlaceLocalizationTests"/>
  <testcase name="allApps" time="5.782" classname="MarketPlaceLocalizationTests.MarketPlaceLocalizationTests"/>
  <testcase name="bambooPaper" time="15.535" classname="MarketPlaceLocalizationTests.MarketPlaceLocalizationTests"/>
  <testcase name="inkspace" time="16.222" classname="MarketPlaceLocalizationTests.MarketPlaceLocalizationTests"/>
  <testcase name="signProPDF" time="8.571" classname="MarketPlaceLocalizationTests.MarketPlaceLocalizationTests"/>
  <testcase name="tabs" time="4.605" classname="MarketPlaceLocalizationTests.MarketPlaceLocalizationTests"/>
  <testcase name="userIsLoggedIn" time="43.774" classname="MarketPlaceLocalizationTests.MarketPlaceLocalizationTests"/>
  <testcase name="wacomInkspaceApp" time="15.48" classname="MarketPlaceLocalizationTests.MarketPlaceLocalizationTests"/>
</testsuite> <!-- MarketPlaceScreenshotsLanguageEnglish -->
