<?xml version="1.0" encoding="UTF-8"?>
<!-- Generated by org.testng.reporters.JUnitXMLReporter -->
<testsuite hostname="Iliyan" name="MarketPlaceScreenshotsLanguageItalian" tests="8" failures="0" timestamp="17 Sep 2016 07:09:20 GMT" time="200.893" errors="0">
  <testcase name="FAQ" time="1.926" classname="MarketPlaceLocalizationTests.MarketPlaceLocalizationTests"/>
  <testcase name="allApps" time="5.714" classname="MarketPlaceLocalizationTests.MarketPlaceLocalizationTests"/>
  <testcase name="bambooPaper" time="15.457" classname="MarketPlaceLocalizationTests.MarketPlaceLocalizationTests"/>
  <testcase name="inkspace" time="16.09" classname="MarketPlaceLocalizationTests.MarketPlaceLocalizationTests"/>
  <testcase name="signProPDF" time="8.395" classname="MarketPlaceLocalizationTests.MarketPlaceLocalizationTests"/>
  <testcase name="tabs" time="4.535" classname="MarketPlaceLocalizationTests.MarketPlaceLocalizationTests"/>
  <testcase name="userIsLoggedIn" time="44.193" classname="MarketPlaceLocalizationTests.MarketPlaceLocalizationTests"/>
  <testcase name="wacomInkspaceApp" time="15.218" classname="MarketPlaceLocalizationTests.MarketPlaceLocalizationTests"/>
</testsuite> <!-- MarketPlaceScreenshotsLanguageItalian -->
